<?xml version="1.0" encoding="UTF-8"?>
<!-- Generated by org.testng.reporters.JUnitXMLReporter -->
<testsuite ignored="0" hostname="GORANTLL1" failures="0" tests="4" name="Default test" time="160.593" errors="0" timestamp="2022-05-05T13:34:19 IST">
  <testcase classname="com.coding.pushpa.VerfingPushPa" name="imdb" time="100.022"/>
  <testcase classname="com.coding.pushpa.VerfingPushPa" name="getReleaseDateinIMDB" time="39.555"/>
  <testcase classname="com.coding.pushpa.VerfingPushPa" name="navigateToWIKIPage" time="5.896"/>
  <testcase classname="com.coding.pushpa.VerfingPushPa" name="getReleaseDateAndCout" time="0.923"/>
</testsuite> <!-- Default test -->
